proguard/seeds.txt
com.manyouren.manyouren.C
com.manyouren.manyouren.HomeActivity
com.manyouren.manyouren.HomeActivity: HomeActivity()
com.manyouren.manyouren.HomeActivity: void onClick(android.view.View)
com.manyouren.manyouren.R$anim
com.manyouren.manyouren.R$anim: int anim_chat_voice_left
com.manyouren.manyouren.R$anim: int anim_chat_voice_right
com.manyouren.manyouren.R$anim: int bottom_layout_move_up
com.manyouren.manyouren.R$anim: int controller_enter
com.manyouren.manyouren.R$anim: int controller_exit
com.manyouren.manyouren.R$anim: int echo_volume_rotate
com.manyouren.manyouren.R$anim: int grow_from_bottom
com.manyouren.manyouren.R$anim: int layout_alpha_in
com.manyouren.manyouren.R$anim: int layout_alpha_out
com.manyouren.manyouren.R$anim: int left_in
com.manyouren.manyouren.R$anim: int left_out
com.manyouren.manyouren.R$anim: int loading
com.manyouren.manyouren.R$anim: int popup_from_bottom
com.manyouren.manyouren.R$anim: int push_top_in2
com.manyouren.manyouren.R$anim: int push_top_out2
com.manyouren.manyouren.R$anim: int right_in
com.manyouren.manyouren.R$anim: int right_out
com.manyouren.manyouren.R$anim: int shrink_from_top
com.manyouren.manyouren.R$anim: int slide_in_from_bottom
com.manyouren.manyouren.R$anim: int slide_in_from_top
com.manyouren.manyouren.R$anim: int slide_out_to_bottom
com.manyouren.manyouren.R$anim: int slide_out_to_top
com.manyouren.manyouren.R$anim: int umeng_fb_slide_in_from_left
com.manyouren.manyouren.R$anim: int umeng_fb_slide_in_from_right
com.manyouren.manyouren.R$anim: int umeng_fb_slide_out_from_left
com.manyouren.manyouren.R$anim: int umeng_fb_slide_out_from_right
com.manyouren.manyouren.R$anim: R$anim()
com.manyouren.manyouren.R$animator
com.manyouren.manyouren.R$animator: int animator_logo_in
com.manyouren.manyouren.R$animator: int animator_panel
com.manyouren.manyouren.R$animator: int animator_scale
com.manyouren.manyouren.R$animator: R$animator()
com.manyouren.manyouren.R$array
com.manyouren.manyouren.R$array: int city00
com.manyouren.manyouren.R$array: int city01
com.manyouren.manyouren.R$array: int city02
com.manyouren.manyouren.R$array: int city03
com.manyouren.manyouren.R$array: int city04
com.manyouren.manyouren.R$array: int city05
com.manyouren.manyouren.R$array: int city06
com.manyouren.manyouren.R$array: int city07
com.manyouren.manyouren.R$array: int city08
com.manyouren.manyouren.R$array: int city09
com.manyouren.manyouren.R$array: int city10
com.manyouren.manyouren.R$array: int city11
com.manyouren.manyouren.R$array: int city12
com.manyouren.manyouren.R$array: int city13
com.manyouren.manyouren.R$array: int city14
com.manyouren.manyouren.R$array: int city15
com.manyouren.manyouren.R$array: int city16
com.manyouren.manyouren.R$array: int city17
com.manyouren.manyouren.R$array: int city18
com.manyouren.manyouren.R$array: int city19
com.manyouren.manyouren.R$array: int city20
com.manyouren.manyouren.R$array: int city21
com.manyouren.manyouren.R$array: int city22
com.manyouren.manyouren.R$array: int city23
com.manyouren.manyouren.R$array: int city24
com.manyouren.manyouren.R$array: int city25
com.manyouren.manyouren.R$array: int city26
com.manyouren.manyouren.R$array: int city27
com.manyouren.manyouren.R$array: int city28
com.manyouren.manyouren.R$array: int city29
com.manyouren.manyouren.R$array: int city30
com.manyouren.manyouren.R$array: int city31
...
android.support.v4.content.ContextCompat
android.support.v4.content.ContextCompat: ContextCompat()
android.support.v4.content.ContextCompat: boolean startActivities(android.content.Context,android.content.Intent[])
android.support.v4.content.ContextCompat: boolean startActivities(android.content.Context,android.content.Intent[],android.os.Bundle)
android.support.v4.content.CursorLoader
android.support.v4.content.CursorLoader: android.support.v4.content.Loader$ForceLoadContentObserver mObserver
android.support.v4.content.CursorLoader: android.net.Uri mUri
android.support.v4.content.CursorLoader: java.lang.String[] mProjection
android.support.v4.content.CursorLoader: java.lang.String mSelection
android.support.v4.content.CursorLoader: java.lang.String[] mSelectionArgs
android.support.v4.content.CursorLoader: java.lang.String mSortOrder
android.support.v4.content.CursorLoader: android.database.Cursor mCursor
android.support.v4.content.CursorLoader: android.database.Cursor loadInBackground()
android.support.v4.content.CursorLoader: void registerContentObserver(android.database.Cursor,android.database.ContentObserver)
android.support.v4.content.CursorLoader: void deliverResult(android.database.Cursor)
android.support.v4.content.CursorLoader: CursorLoader(android.content.Context)
android.support.v4.content.CursorLoader: CursorLoader(android.content.Context,android.net.Uri,java.lang.String[],java.lang.String,java.lang.String[],java.lang.String)
android.support.v4.content.CursorLoader: void onStartLoading()
android.support.v4.content.CursorLoader: void onStopLoading()
android.support.v4.content.CursorLoader: void onCanceled(android.database.Cursor)
android.support.v4.content.CursorLoader: void onReset()
android.support.v4.content.CursorLoader: android.net.Uri getUri()
android.support.v4.content.FileProvider
android.support.v4.content.FileProvider: java.lang.String[] COLUMNS
android.support.v4.content.FileProvider: java.lang.String META_DATA_FILE_PROVIDER_PATHS
android.support.v4.content.FileProvider: java.lang.String TAG_ROOT_PATH
android.support.v4.content.FileProvider: java.lang.String TAG_FILES_PATH
android.support.v4.content.FileProvider: java.lang.String TAG_CACHE_PATH
android.support.v4.content.FileProvider: java.lang.String TAG_EXTERNAL
android.support.v4.content.FileProvider: java.lang.String ATTR_NAME
android.support.v4.content.FileProvider: java.lang.String ATTR_PATH
android.support.v4.content.FileProvider: java.io.File DEVICE_ROOT
android.support.v4.content.FileProvider: java.util.HashMap sCache
android.support.v4.content.FileProvider: android.support.v4.content.FileProvider$PathStrategy mStrategy
android.support.v4.content.FileProvider: FileProvider()
android.support.v4.content.FileProvider: boolean onCreate()
android.support.v4.content.FileProvider: void attachInfo(android.content.Context,android.content.pm.ProviderInfo)
android.support.v4.content.FileProvider: android.net.Uri getUriForFile(android.content.Context,java.lang.String,java.io.File)
android.support.v4.content.FileProvider: android.database.Cursor query(android.net.Uri,java.lang.String[],java.lang.String,java.lang.String[],java.lang.String)
android.support.v4.content.FileProvider: java.lang.String getType(android.net.Uri)