proguard/mapping.txt
com.manyouren.manyouren.C -> com.manyouren.manyouren.C:
    java.lang.String FROM_NAME -> a
com.manyouren.manyouren.HomeActivity -> com.manyouren.manyouren.HomeActivity:
    android.support.v4.view.ViewPager viewPager -> i
    android.widget.RadioButton main_tab_plan -> j
    android.widget.RadioButton main_tab_chat -> k
    android.widget.RadioButton main_tab_disc -> l
    android.widget.RadioButton main_tab_me -> m
    int mCurTabId -> a
    com.manyouren.manyouren.HomeActivity$FragmentAdapter adapter -> b
    com.manyouren.manyouren.ui.plan.PlanFragment planFragment -> c
    com.manyouren.manyouren.ui.chat.chatnew.ChatFragment chatFragment -> d
    com.manyouren.manyouren.ui.discovery.NearbyFragment discFragment -> e
    com.manyouren.manyouren.ui.user.UserFragment meFragment -> f
    java.util.ArrayList pagerItemList -> g
    long exitTime -> h
    void onCreate(android.os.Bundle) -> onCreate
    void checkLocation() -> a
    void initView() -> initView
    void initEvent() -> initEvent
    void init() -> init
    void onClick(android.view.View) -> onClick
    void onStart() -> onStart
    void onResume() -> onResume
    void onPause() -> onPause
    void onDestroy() -> onDestroy
    void onBackPressed() -> onBackPressed
    android.widget.RadioButton access$0(com.manyouren.manyouren.HomeActivity) -> a
    android.widget.RadioButton access$1(com.manyouren.manyouren.HomeActivity) -> b
    android.widget.RadioButton access$2(com.manyouren.manyouren.HomeActivity) -> c
com.manyouren.manyouren.HomeActivity$1 -> com.manyouren.manyouren.a:
    com.manyouren.manyouren.HomeActivity this$0 -> a
    void onPageSelected(int) -> onPageSelected
    void onPageScrolled(int,float,int) -> onPageScrolled
    void onPageScrollStateChanged(int) -> onPageScrollStateChanged
com.manyouren.manyouren.HomeActivity$FragmentAdapter -> com.manyouren.manyouren.b:
    com.manyouren.manyouren.HomeActivity this$0 -> a
    android.support.v4.app.Fragment getItem(int) -> getItem
    int getCount() -> getCount
com.manyouren.manyouren.R -> com.manyouren.manyouren.R:
com.manyouren.manyouren.R$anim -> com.manyouren.manyouren.R$anim:
    int anim_chat_voice_left -> anim_chat_voice_left
    int anim_chat_voice_right -> anim_chat_voice_right
    int bottom_layout_move_up -> bottom_layout_move_up
    int controller_enter -> controller_enter
    int controller_exit -> controller_exit
    int echo_volume_rotate -> echo_volume_rotate
    int grow_from_bottom -> grow_from_bottom
    int layout_alpha_in -> layout_alpha_in
    int layout_alpha_out -> layout_alpha_out
    int left_in -> left_in
    int left_out -> left_out
    int loading -> loading
    int popup_from_bottom -> popup_from_bottom
    int push_top_in2 -> push_top_in2
    int push_top_out2 -> push_top_out2
    int right_in -> right_in
    int right_out -> right_out
    int shrink_from_top -> shrink_from_top
    int slide_in_from_bottom -> slide_in_from_bottom
    int slide_in_from_top -> slide_in_from_top
    int slide_out_to_bottom -> slide_out_to_bottom
    int slide_out_to_top -> slide_out_to_top
    int umeng_fb_slide_in_from_left -> umeng_fb_slide_in_from_left
    int umeng_fb_slide_in_from_right -> umeng_fb_slide_in_from_right
    int umeng_fb_slide_out_from_left -> umeng_fb_slide_out_from_left
    int umeng_fb_slide_out_from_right -> umeng_fb_slide_out_from_right
com.manyouren.manyouren.R$animator -> com.manyouren.manyouren.R$animator:
    int animator_logo_in -> animator_logo_in
    int animator_panel -> animator_panel
    int animator_scale -> animator_scale
...
com.avos.avoscloud.AVOperationQueue -> com.avos.avoscloud.AVOperationQueue:
    java.util.concurrent.ConcurrentLinkedQueue queue -> queue
    int currentSequence -> currentSequence
    void increaseSequence() -> increaseSequence
    com.avos.avoscloud.AVOperation addSnapshotOperation(java.util.List,com.avos.avoscloud.SaveCallback) -> addSnapshotOperation
    com.avos.avoscloud.AVOperation addPendingOperation(java.util.List,com.avos.avoscloud.SaveCallback) -> addPendingOperation
    com.avos.avoscloud.AVOperation popHead() -> popHead
    boolean noPendingRequest() -> noPendingRequest
    void clearOperationWithSequence(int) -> clearOperationWithSequence
com.avos.avoscloud.AVOperationType -> com.avos.avoscloud.bc:
    com.avos.avoscloud.AVOperationType kAVOperationSnapshot -> a
    com.avos.avoscloud.AVOperationType kAVOperationPendingOperation -> b
    com.avos.avoscloud.AVOperationType[] $VALUES -> c
    com.avos.avoscloud.AVOperationType[] values() -> values
    com.avos.avoscloud.AVOperationType valueOf(java.lang.String) -> valueOf
com.avos.avoscloud.AVPersistenceUtils -> com.avos.avoscloud.AVPersistenceUtils:
    com.avos.avoscloud.AVPersistenceUtils instance -> instance
    java.util.concurrent.ConcurrentHashMap fileLocks -> fileLocks
    java.util.concurrent.locks.ReentrantReadWriteLock getLock(java.lang.String) -> getLock
    void removeLock(java.lang.String) -> removeLock
    com.avos.avoscloud.AVPersistenceUtils sharedInstance() -> sharedInstance
    java.io.File getPaasDocumentDir() -> getPaasDocumentDir
    java.io.File getCacheDir() -> getCacheDir
    java.io.File getCommandCacheDir() -> getCommandCacheDir
    void closeQuietly(java.io.Closeable) -> closeQuietly
    java.io.File getFile(java.lang.String,java.lang.String) -> getFile
    void saveToDocumentDir(java.lang.String,java.lang.String) -> saveToDocumentDir
    void saveToDocumentDir(java.lang.String,java.lang.String,java.lang.String) -> saveToDocumentDir
    boolean saveContentToFile(java.lang.String,java.io.File) -> saveContentToFile
    java.lang.String getFromDocumentDir(java.lang.String,java.lang.String) -> getFromDocumentDir
    java.lang.String getFromDocumentDir(java.lang.String) -> getFromDocumentDir
    java.lang.String readContentFromFile(java.io.File) -> readContentFromFile
    void savePersistentSettingBoolean(java.lang.String,java.lang.String,java.lang.Boolean) -> savePersistentSettingBoolean
    boolean getPersistentSettingBoolean(java.lang.String,java.lang.String) -> getPersistentSettingBoolean
com.avos.avoscloud.AVPowerfulUtils -> com.avos.avoscloud.AVPowerfulUtils:
    java.util.Map powerfulTable -> powerfulTable
    java.lang.String ENDPOINT -> ENDPOINT
    java.lang.String PARSE_CLASSNAME -> PARSE_CLASSNAME
    void createSettings(java.lang.String,java.lang.String,java.lang.String) -> createSettings
    void createTable() -> createTable
    java.lang.String get(java.lang.String,java.lang.String) -> get
    java.lang.String getAVClassEndpoint(java.lang.String,java.lang.String,java.lang.String) -> getAVClassEndpoint
    java.lang.String getAVUserEndpoint(com.avos.avoscloud.AVUser) -> getAVUserEndpoint
    java.lang.String getAVRoleEndpoint(com.avos.avoscloud.AVRole) -> getAVRoleEndpoint
    java.lang.String getEndpoint(java.lang.String) -> getEndpoint
    java.lang.String getEndpoint(java.lang.Object) -> getEndpoint
    java.lang.String getEndpoint(java.lang.Object,boolean) -> getEndpoint
    java.lang.String getBatchEndpoint(java.lang.String,com.avos.avoscloud.AVObject) -> getBatchEndpoint
    java.lang.String getBatchEndpoint(java.lang.String,com.avos.avoscloud.AVObject,boolean) -> getBatchEndpoint
    java.lang.String getEndpointByAVClassName(java.lang.String,java.lang.String) -> getEndpointByAVClassName
    java.lang.String getAVClassName(java.lang.String) -> getAVClassName
    java.lang.String getFollowEndPoint(java.lang.String,java.lang.String) -> getFollowEndPoint