proguard/usage.txt
com.manyouren.manyouren.BuildConfig
com.manyouren.manyouren.C:
    public static final java.lang.String NAME
    public static final java.lang.String TXT
    public static final java.lang.String FROM
    public static final java.lang.String TO
    public static final java.lang.String CREATED
    public static final java.lang.String ONLINE
    public static final java.lang.String OBJECT_ID
    public static final java.lang.String ACTION_REGISTER_FINISH
    public static final int PAGE_SIZE
    public static final java.lang.String CREATED_AT
com.manyouren.manyouren.HomeActivity:
    public static final int TAB_PLAN
    public static final int TAB_DISC
    public static final int TAB_CHAT
    public static final int TAB_ME
com.manyouren.manyouren.HomeActivity$FragmentAdapter:
    public static final int TAB_COUNT
com.manyouren.manyouren.Manifest
com.manyouren.manyouren.Manifest$permission
com.manyouren.manyouren.R:
    10:10:public R()
com.manyouren.manyouren.RootApplication:
    public static final java.lang.String DB_NAME
    public static final int DB_VER
    public static com.avos.avoscloud.Session session
    68:68:public java.util.ArrayList getPlanList()
    170:171:public void setFriends(java.util.List)
com.manyouren.manyouren.config.Constants:
    public static final java.lang.String DB_NAME
    30:30:private Constants()
    34:34:public static java.lang.String getUserId()
com.manyouren.manyouren.config.Constants$Extra
com.manyouren.manyouren.config.Constants$Http
com.manyouren.manyouren.config.Constants$Intent
com.manyouren.manyouren.config.Constants$Notification
com.manyouren.manyouren.config.HttpConfig
com.manyouren.manyouren.config.PreferConfig
com.manyouren.manyouren.guide.Fragment1
com.manyouren.manyouren.guide.Fragment2
com.manyouren.manyouren.guide.Fragment3
com.manyouren.manyouren.guide.ViewPagerAdapter
com.manyouren.manyouren.service.AVService:
    11:11:public AVService()
    21:22:public static void logout()
com.manyouren.manyouren.service.AsyncHttpHandler:
    public static final java.lang.String TAG
com.manyouren.manyouren.service.AsyncHttpLoader:
    public static final java.lang.String TAG
    46:46:public AsyncHttpLoader()
    54:65:public static com.loopj.android.http.AsyncHttpClient getClient(android.content.Context)
    361:367:public static void requestCheckVersion(com.loopj.android.http.JsonHttpResponseHandler)
com.manyouren.manyouren.service.AsyncHttpLoader$InterruptThread
com.manyouren.manyouren.service.AsyncHttpManager:
    public static final java.lang.String TAG
    public static final java.lang.String BASE_URL
    public static final java.lang.String UPLOADS_URL
    public static final java.lang.String UPLOADS_PREFIX
    public static final java.lang.String SIGNUP_URL
    public static final java.lang.String EMAIL_VERIFY__URL
    public static final java.lang.String LOGIN__URL
    public static final java.lang.String PLAN_FILTER_URL
    public static final java.lang.String PLAN_PUBLISH_URL
    public static final java.lang.String PLAN_COMMENT_URL
    public static final java.lang.String PLAN_SEND_COMMENT_URL
    public static final java.lang.String USRER_PLAN_URL
    public static final java.lang.String PHOTO_PUBLISH__URL
    public static final java.lang.String QUAN_URL
    public static final java.lang.String USER_ALBUM_URL
    public static final java.lang.String PHOTO_DELETE_URL
    public static final java.lang.String USRER_INFO_URL
    public static final java.lang.String USER_FOCUS__URL
    public static final java.lang.String USER_FREINDS_URL
    public static final java.lang.String USER_CANCEL_URL
    public static final java.lang.String USER_CHANGE_INFO_URL
    public static final java.lang.String USER_CHANGE_STATUS_URL
    public static final java.lang.String USER_CHANGE_AVATAR_URL
    public static final java.lang.String NEARBY_PEOPLE_URL
    public static final java.lang.String USER_HIDE_URL
...
com.google.inject.matcher.Matchers$Not:
    private static final long serialVersionUID
com.google.inject.matcher.Matchers$Only:
    private static final long serialVersionUID
com.google.inject.matcher.Matchers$Returns:
    private static final long serialVersionUID
com.google.inject.matcher.Matchers$SubclassesOf:
    private static final long serialVersionUID
com.google.inject.name.NamedImpl:
    private static final long serialVersionUID
com.google.inject.util.Node
com.google.inject.util.Providers$3:
    101:102:void initialize(com.google.inject.Injector)
com.handmark.pulltorefresh.library.ILoadingLayout:
    public abstract void setTextTypeface(android.graphics.Typeface)
com.handmark.pulltorefresh.library.IPullToRefresh
com.handmark.pulltorefresh.library.LoadingLayoutProxy:
    69:72:public void setTextTypeface(android.graphics.Typeface)
com.handmark.pulltorefresh.library.OverscrollHelper:
    static final java.lang.String LOG_TAG
    static final float DEFAULT_OVERSCROLL_SCALE
    26:26:public OverscrollHelper()
com.handmark.pulltorefresh.library.PullToRefreshBase:
    static final boolean DEBUG
    static final boolean USE_HW_LAYERS
    static final java.lang.String LOG_TAG
    static final float FRICTION
    public static final int SMOOTH_SCROLL_DURATION_MS
    public static final int SMOOTH_SCROLL_LONG_DURATION_MS
    static final int DEMO_SCROLL_INTERVAL
    static final java.lang.String STATE_STATE
    static final java.lang.String STATE_MODE
    static final java.lang.String STATE_CURRENT_MODE
    static final java.lang.String STATE_SCROLLING_REFRESHING_ENABLED
    static final java.lang.String STATE_SHOW_REFRESHING_VIEW
    static final java.lang.String STATE_SUPER
    146:154:public final boolean demo()
    201:201:public final boolean isDisableScrollingWhileRefreshing()
    222:222:public final boolean isScrollingWhileRefreshingEnabled()
    412:414:public void setLoadingDrawable(android.graphics.drawable.Drawable,com.handmark.pulltorefresh.library.PullToRefreshBase$Mode)
    461:462:public void setPullLabel(java.lang.CharSequence,com.handmark.pulltorefresh.library.PullToRefreshBase$Mode)
    480:481:public final void setRefreshing()
    503:505:public void setRefreshingLabel(java.lang.CharSequence,com.handmark.pulltorefresh.library.PullToRefreshBase$Mode)
    1016:1017:protected final void smoothScrollToLonger(int)
    1280:1287:private final void smoothScrollToAndBack(int)
com.handmark.pulltorefresh.library.PullToRefreshBase$3
com.handmark.pulltorefresh.library.PullToRefreshExpandableListView:
    31:32:public PullToRefreshExpandableListView(android.content.Context)
    35:36:public PullToRefreshExpandableListView(android.content.Context,android.util.AttributeSet)
    39:40:public PullToRefreshExpandableListView(android.content.Context,com.handmark.pulltorefresh.library.PullToRefreshBase$Mode)
    43:44:public PullToRefreshExpandableListView(android.content.Context,com.handmark.pulltorefresh.library.PullToRefreshBase$Mode,com.handmark.pulltorefresh.library.PullToRefreshBase$AnimationStyle)
com.handmark.pulltorefresh.library.PullToRefreshGridView:
    31:32:public PullToRefreshGridView(android.content.Context)
    35:36:public PullToRefreshGridView(android.content.Context,android.util.AttributeSet)
    39:40:public PullToRefreshGridView(android.content.Context,com.handmark.pulltorefresh.library.PullToRefreshBase$Mode)
    43:44:public PullToRefreshGridView(android.content.Context,com.handmark.pulltorefresh.library.PullToRefreshBase$Mode,com.handmark.pulltorefresh.library.PullToRefreshBase$AnimationStyle)